<?xml version="1.0" encoding="utf-8"?>
<TestRun id="afa546cf-6e25-4b73-8ce2-c35e36daa92b" name="baidakov@ILYABAIDAKO49E4 2025-10-15 12:11:11" runUser="ILYABAIDAKO49E4\baidakov" xmlns="http://microsoft.com/schemas/VisualStudio/TeamTest/2010">
  <Times creation="2025-10-15T12:11:11.4573017+03:00" queuing="2025-10-15T12:11:11.4573021+03:00" start="2025-10-15T12:11:09.2574612+03:00" finish="2025-10-15T12:11:11.4613156+03:00" />
  <TestSettings name="default" id="0eb813b0-fb77-47d5-9fec-b68fb2c1630f">
    <Deployment runDeploymentRoot="baidakov_ILYABAIDAKO49E4_2025-10-15_12_11_11" />
  </TestSettings>
  <Results>
    <UnitTestResult executionId="e49f2ece-5f60-44e2-a7be-06fa18423b1b" testId="6fd70906-de39-575d-7f9d-a23872e8c189" testName="RegisterResolve_ServiceRegistered_ReturnsSameInstance" computerName="ILYABAIDAKO49E4" duration="00:00:00.1377370" startTime="2025-10-15T12:11:10.9868594+03:00" endTime="2025-10-15T12:11:11.1245193+03:00" testType="13cdc9d9-ddb5-4fa4-a97d-d965ccfc6d4b" outcome="Passed" testListId="8c84fa94-04c1-424b-9868-57a2d4851a1d" relativeResultsDirectory="e49f2ece-5f60-44e2-a7be-06fa18423b1b" />
    <UnitTestResult executionId="151bf092-7474-4f9d-addf-13a49dd878ea" testId="13d48b00-c576-bf26-9fab-24a785423dbe" testName="Resolve_ServiceNotRegistered_Throws" computerName="ILYABAIDAKO49E4" duration="00:00:00.0188590" startTime="2025-10-15T12:11:11.1396085+03:00" endTime="2025-10-15T12:11:11.1584685+03:00" testType="13cdc9d9-ddb5-4fa4-a97d-d965ccfc6d4b" outcome="Passed" testListId="8c84fa94-04c1-424b-9868-57a2d4851a1d" relativeResultsDirectory="151bf092-7474-4f9d-addf-13a49dd878ea" />
  </Results>
  <TestDefinitions>
    <UnitTest name="Resolve_ServiceNotRegistered_Throws" storage="c:\users\baidakov\rca-plugin\tests\rca.contracts.tests\bin\debug\net8.0-windows\rca.contracts.tests.dll" id="13d48b00-c576-bf26-9fab-24a785423dbe">
      <Execution id="151bf092-7474-4f9d-addf-13a49dd878ea" />
      <TestMethod codeBase="C:\Users\baidakov\rca-plugin\tests\Rca.Contracts.Tests\bin\Debug\net8.0-windows\Rca.Contracts.Tests.dll" adapterTypeName="executor://nunit3testexecutor/" className="Rca.Contracts.Tests.ServiceContainerTests" name="Resolve_ServiceNotRegistered_Throws" />
    </UnitTest>
    <UnitTest name="RegisterResolve_ServiceRegistered_ReturnsSameInstance" storage="c:\users\baidakov\rca-plugin\tests\rca.contracts.tests\bin\debug\net8.0-windows\rca.contracts.tests.dll" id="6fd70906-de39-575d-7f9d-a23872e8c189">
      <Execution id="e49f2ece-5f60-44e2-a7be-06fa18423b1b" />
      <TestMethod codeBase="C:\Users\baidakov\rca-plugin\tests\Rca.Contracts.Tests\bin\Debug\net8.0-windows\Rca.Contracts.Tests.dll" adapterTypeName="executor://nunit3testexecutor/" className="Rca.Contracts.Tests.ServiceContainerTests" name="RegisterResolve_ServiceRegistered_ReturnsSameInstance" />
    </UnitTest>
  </TestDefinitions>
  <TestEntries>
    <TestEntry testId="6fd70906-de39-575d-7f9d-a23872e8c189" executionId="e49f2ece-5f60-44e2-a7be-06fa18423b1b" testListId="8c84fa94-04c1-424b-9868-57a2d4851a1d" />
    <TestEntry testId="13d48b00-c576-bf26-9fab-24a785423dbe" executionId="151bf092-7474-4f9d-addf-13a49dd878ea" testListId="8c84fa94-04c1-424b-9868-57a2d4851a1d" />
  </TestEntries>
  <TestLists>
    <TestList name="Results Not in a List" id="8c84fa94-04c1-424b-9868-57a2d4851a1d" />
    <TestList name="All Loaded Results" id="19431567-8539-422a-85d7-44ee4e166bda" />
  </TestLists>
  <ResultSummary outcome="Completed">
    <Counters total="2" executed="2" passed="2" failed="0" error="0" timeout="0" aborted="0" inconclusive="0" passedButRunAborted="0" notRunnable="0" notExecuted="0" disconnected="0" warning="0" completed="0" inProgress="0" pending="0" />
    <Output>
      <StdOut>NUnit Adapter 4.5.0.0: Test execution started&#xD;
Running all tests in C:\Users\baidakov\rca-plugin\tests\Rca.Contracts.Tests\bin\Debug\net8.0-windows\Rca.Contracts.Tests.dll&#xD;
   NUnit3TestExecutor discovered 2 of 2 NUnit test cases using Current Discovery mode, Non-Explicit run&#xD;
NUnit Adapter 4.5.0.0: Test execution complete&#xD;
</StdOut>
    </Output>
  </ResultSummary>
</TestRun>