<?xml version="1.0" encoding="utf-8"?>
<TestRun id="435b3156-e537-4b4e-adb9-7b2eef8665a1" name="baidakov@ILYABAIDAKO49E4 2025-10-15 12:11:11" runUser="ILYABAIDAKO49E4\baidakov" xmlns="http://microsoft.com/schemas/VisualStudio/TeamTest/2010">
  <Times creation="2025-10-15T12:11:11.8437195+03:00" queuing="2025-10-15T12:11:11.8437200+03:00" start="2025-10-15T12:11:09.2516159+03:00" finish="2025-10-15T12:11:12.1647920+03:00" />
  <TestSettings name="default" id="6d53ee72-b564-478a-806b-e7f56a23a2e6">
    <Deployment runDeploymentRoot="baidakov_ILYABAIDAKO49E4_2025-10-15_12_11_11" />
  </TestSettings>
  <Results>
    <UnitTestResult executionId="504e392a-7532-4fb2-9ace-75a13ec10477" testId="d31d9354-aed0-236a-67d8-b3b2c5eb08cb" testName="Runtime_Assembly_Has_SourceHash_Metadata" computerName="ILYABAIDAKO49E4" duration="00:00:00.0988770" startTime="2025-10-15T12:11:11.3439994+03:00" endTime="2025-10-15T12:11:11.4428925+03:00" testType="13cdc9d9-ddb5-4fa4-a97d-d965ccfc6d4b" outcome="Passed" testListId="8c84fa94-04c1-424b-9868-57a2d4851a1d" relativeResultsDirectory="504e392a-7532-4fb2-9ace-75a13ec10477">
      <Output>
        <StdOut>Hash: fa67ca</StdOut>
      </Output>
    </UnitTestResult>
    <UnitTestResult executionId="f79d57f1-27a3-4605-a7e6-e0ddf2333229" testId="a54703ca-ad64-b893-f8ec-3a218f0eab3b" testName="ExecuteAsync_ValidCode_ReturnsExpectedResult" computerName="ILYABAIDAKO49E4" duration="00:00:00.0064120" startTime="2025-10-15T12:11:12.0005842+03:00" endTime="2025-10-15T12:11:12.0069968+03:00" testType="13cdc9d9-ddb5-4fa4-a97d-d965ccfc6d4b" outcome="Passed" testListId="8c84fa94-04c1-424b-9868-57a2d4851a1d" relativeResultsDirectory="f79d57f1-27a3-4605-a7e6-e0ddf2333229" />
    <UnitTestResult executionId="3afb5ed5-b76c-4dec-9e9f-a3193d8b3213" testId="bd0fbfc1-5721-68bc-3fc3-979957e28dfd" testName="ExecuteAsync_EmptyCode_ReturnsEmpty" computerName="ILYABAIDAKO49E4" duration="00:00:00.5435550" startTime="2025-10-15T12:11:11.4547819+03:00" endTime="2025-10-15T12:11:11.9983347+03:00" testType="13cdc9d9-ddb5-4fa4-a97d-d965ccfc6d4b" outcome="Passed" testListId="8c84fa94-04c1-424b-9868-57a2d4851a1d" relativeResultsDirectory="3afb5ed5-b76c-4dec-9e9f-a3193d8b3213" />
    <UnitTestResult executionId="a2994a50-b937-4170-bbc4-3054d87c0a5d" testId="b6ac3e6a-7f3e-3b05-e43a-566456e35325" testName="Loader_Assembly_Has_SourceHash_And_DeployFolder_Metadata" computerName="ILYABAIDAKO49E4" duration="00:00:00.3906290" startTime="2025-10-15T12:11:10.9330791+03:00" endTime="2025-10-15T12:11:11.3236167+03:00" testType="13cdc9d9-ddb5-4fa4-a97d-d965ccfc6d4b" outcome="NotExecuted" testListId="8c84fa94-04c1-424b-9868-57a2d4851a1d" relativeResultsDirectory="a2994a50-b937-4170-bbc4-3054d87c0a5d">
      <Output>
        <StdOut>Loader not deployed to addin dir</StdOut>
        <ErrorInfo>
          <Message>Loader not deployed to addin dir</Message>
        </ErrorInfo>
      </Output>
    </UnitTestResult>
    <UnitTestResult executionId="94df5a2a-92bd-41b4-a9b0-71e05796a79a" testId="0b4b718d-5f29-0bd6-0873-8c837ed195e9" testName="SetRevitContext_ValidContext_DoesNotThrow" computerName="ILYABAIDAKO49E4" duration="00:00:00.0091100" startTime="2025-10-15T12:11:12.0132671+03:00" endTime="2025-10-15T12:11:12.0223785+03:00" testType="13cdc9d9-ddb5-4fa4-a97d-d965ccfc6d4b" outcome="Passed" testListId="8c84fa94-04c1-424b-9868-57a2d4851a1d" relativeResultsDirectory="94df5a2a-92bd-41b4-a9b0-71e05796a79a" />
  </Results>
  <TestDefinitions>
    <UnitTest name="SetRevitContext_ValidContext_DoesNotThrow" storage="c:\users\baidakov\rca-plugin\tests\rca.core.tests\bin\debug\net8.0-windows\rca.core.tests.dll" id="0b4b718d-5f29-0bd6-0873-8c837ed195e9">
      <Execution id="94df5a2a-92bd-41b4-a9b0-71e05796a79a" />
      <TestMethod codeBase="C:\Users\baidakov\rca-plugin\tests\Rca.Core.Tests\bin\Debug\net8.0-windows\Rca.Core.Tests.dll" adapterTypeName="executor://nunit3testexecutor/" className="Rca.Core.Tests.PythonExecutionServiceTests" name="SetRevitContext_ValidContext_DoesNotThrow" />
    </UnitTest>
    <UnitTest name="ExecuteAsync_EmptyCode_ReturnsEmpty" storage="c:\users\baidakov\rca-plugin\tests\rca.core.tests\bin\debug\net8.0-windows\rca.core.tests.dll" id="bd0fbfc1-5721-68bc-3fc3-979957e28dfd">
      <Execution id="3afb5ed5-b76c-4dec-9e9f-a3193d8b3213" />
      <TestMethod codeBase="C:\Users\baidakov\rca-plugin\tests\Rca.Core.Tests\bin\Debug\net8.0-windows\Rca.Core.Tests.dll" adapterTypeName="executor://nunit3testexecutor/" className="Rca.Core.Tests.PythonExecutionServiceTests" name="ExecuteAsync_EmptyCode_ReturnsEmpty" />
    </UnitTest>
    <UnitTest name="ExecuteAsync_ValidCode_ReturnsExpectedResult" storage="c:\users\baidakov\rca-plugin\tests\rca.core.tests\bin\debug\net8.0-windows\rca.core.tests.dll" id="a54703ca-ad64-b893-f8ec-3a218f0eab3b">
      <Execution id="f79d57f1-27a3-4605-a7e6-e0ddf2333229" />
      <TestMethod codeBase="C:\Users\baidakov\rca-plugin\tests\Rca.Core.Tests\bin\Debug\net8.0-windows\Rca.Core.Tests.dll" adapterTypeName="executor://nunit3testexecutor/" className="Rca.Core.Tests.PythonExecutionServiceTests" name="ExecuteAsync_ValidCode_ReturnsExpectedResult" />
    </UnitTest>
    <UnitTest name="Runtime_Assembly_Has_SourceHash_Metadata" storage="c:\users\baidakov\rca-plugin\tests\rca.core.tests\bin\debug\net8.0-windows\rca.core.tests.dll" id="d31d9354-aed0-236a-67d8-b3b2c5eb08cb">
      <Execution id="504e392a-7532-4fb2-9ace-75a13ec10477" />
      <TestMethod codeBase="C:\Users\baidakov\rca-plugin\tests\Rca.Core.Tests\bin\Debug\net8.0-windows\Rca.Core.Tests.dll" adapterTypeName="executor://nunit3testexecutor/" className="Rca.Core.Tests.MetadataTests" name="Runtime_Assembly_Has_SourceHash_Metadata" />
    </UnitTest>
    <UnitTest name="Loader_Assembly_Has_SourceHash_And_DeployFolder_Metadata" storage="c:\users\baidakov\rca-plugin\tests\rca.core.tests\bin\debug\net8.0-windows\rca.core.tests.dll" id="b6ac3e6a-7f3e-3b05-e43a-566456e35325">
      <Execution id="a2994a50-b937-4170-bbc4-3054d87c0a5d" />
      <TestMethod codeBase="C:\Users\baidakov\rca-plugin\tests\Rca.Core.Tests\bin\Debug\net8.0-windows\Rca.Core.Tests.dll" adapterTypeName="executor://nunit3testexecutor/" className="Rca.Core.Tests.MetadataTests" name="Loader_Assembly_Has_SourceHash_And_DeployFolder_Metadata" />
    </UnitTest>
  </TestDefinitions>
  <TestEntries>
    <TestEntry testId="d31d9354-aed0-236a-67d8-b3b2c5eb08cb" executionId="504e392a-7532-4fb2-9ace-75a13ec10477" testListId="8c84fa94-04c1-424b-9868-57a2d4851a1d" />
    <TestEntry testId="a54703ca-ad64-b893-f8ec-3a218f0eab3b" executionId="f79d57f1-27a3-4605-a7e6-e0ddf2333229" testListId="8c84fa94-04c1-424b-9868-57a2d4851a1d" />
    <TestEntry testId="bd0fbfc1-5721-68bc-3fc3-979957e28dfd" executionId="3afb5ed5-b76c-4dec-9e9f-a3193d8b3213" testListId="8c84fa94-04c1-424b-9868-57a2d4851a1d" />
    <TestEntry testId="b6ac3e6a-7f3e-3b05-e43a-566456e35325" executionId="a2994a50-b937-4170-bbc4-3054d87c0a5d" testListId="8c84fa94-04c1-424b-9868-57a2d4851a1d" />
    <TestEntry testId="0b4b718d-5f29-0bd6-0873-8c837ed195e9" executionId="94df5a2a-92bd-41b4-a9b0-71e05796a79a" testListId="8c84fa94-04c1-424b-9868-57a2d4851a1d" />
  </TestEntries>
  <TestLists>
    <TestList name="Results Not in a List" id="8c84fa94-04c1-424b-9868-57a2d4851a1d" />
    <TestList name="All Loaded Results" id="19431567-8539-422a-85d7-44ee4e166bda" />
  </TestLists>
  <ResultSummary outcome="Completed">
    <Counters total="5" executed="4" passed="4" failed="0" error="0" timeout="0" aborted="0" inconclusive="0" passedButRunAborted="0" notRunnable="0" notExecuted="0" disconnected="0" warning="0" completed="0" inProgress="0" pending="0" />
    <Output>
      <StdOut>NUnit Adapter 4.5.0.0: Test execution started&#xD;
Running all tests in C:\Users\baidakov\rca-plugin\tests\Rca.Core.Tests\bin\Debug\net8.0-windows\Rca.Core.Tests.dll&#xD;
   NUnit3TestExecutor discovered 5 of 5 NUnit test cases using Current Discovery mode, Non-Explicit run&#xD;
Loader_Assembly_Has_SourceHash_And_DeployFolder_Metadata: Loader not deployed to addin dir&#xD;
NUnit Adapter 4.5.0.0: Test execution complete&#xD;
</StdOut>
    </Output>
    <RunInfos>
      <RunInfo computerName="ILYABAIDAKO49E4" outcome="Warning" timestamp="2025-10-15T12:11:11.4475989+03:00">
        <Text>Hash: fa67ca&#xD;
</Text>
      </RunInfo>
    </RunInfos>
  </ResultSummary>
</TestRun>