<?xml version="1.0" encoding="utf-8"?>
<TestRun id="e725c087-9944-4dc6-b06c-0966050bec9e" name="baidakov@ILYABAIDAKO49E4 2025-10-15 12:11:14" runUser="ILYABAIDAKO49E4\baidakov" xmlns="http://microsoft.com/schemas/VisualStudio/TeamTest/2010">
  <Times creation="2025-10-15T12:11:14.5039301+03:00" queuing="2025-10-15T12:11:14.5039306+03:00" start="2025-10-15T12:11:12.1228380+03:00" finish="2025-10-15T12:11:14.5178998+03:00" />
  <TestSettings name="default" id="e549e07e-84bb-47fd-b2c0-a75a4b98e4d8">
    <Deployment runDeploymentRoot="baidakov_ILYABAIDAKO49E4_2025-10-15_12_11_14" />
  </TestSettings>
  <Results>
    <UnitTestResult executionId="dbe9d95e-9ae3-42ce-823d-0e0504502114" testId="0e9d5f6d-5d16-f2dc-e9f6-919b906b185a" testName="ExecutePythonCommand_WithInput_CallsServiceAndClearsInput" computerName="ILYABAIDAKO49E4" duration="00:00:00.2790340" startTime="2025-10-15T12:11:13.9449465+03:00" endTime="2025-10-15T12:11:14.2237846+03:00" testType="13cdc9d9-ddb5-4fa4-a97d-d965ccfc6d4b" outcome="Failed" testListId="8c84fa94-04c1-424b-9868-57a2d4851a1d" relativeResultsDirectory="dbe9d95e-9ae3-42ce-823d-0e0504502114">
      <Output>
        <ErrorInfo>
          <Message>System.IO.FileNotFoundException : Could not load file or assembly 'RevitAPIUI, Version=26.1.0.0, Culture=neutral, PublicKeyToken=null'. The system cannot find the file specified.</Message>
          <StackTrace>   at Rca.UI.Tests.RcaDockablePanelViewModelTests.ExecutePythonCommand_WithInput_CallsServiceAndClearsInput()&#xD;
   at System.Runtime.CompilerServices.AsyncMethodBuilderCore.Start[TStateMachine](TStateMachine&amp; stateMachine)&#xD;
   at Rca.UI.Tests.RcaDockablePanelViewModelTests.ExecutePythonCommand_WithInput_CallsServiceAndClearsInput()&#xD;
   at System.RuntimeMethodHandle.InvokeMethod(Object target, Void** arguments, Signature sig, Boolean isConstructor)&#xD;
   at System.Reflection.MethodBaseInvoker.InvokeWithNoArgs(Object obj, BindingFlags invokeAttr)
</StackTrace>
        </ErrorInfo>
      </Output>
    </UnitTestResult>
  </Results>
  <TestDefinitions>
    <UnitTest name="ExecutePythonCommand_WithInput_CallsServiceAndClearsInput" storage="c:\users\baidakov\rca-plugin\tests\rca.ui.tests\bin\debug\net8.0-windows\rca.ui.tests.dll" id="0e9d5f6d-5d16-f2dc-e9f6-919b906b185a">
      <Execution id="dbe9d95e-9ae3-42ce-823d-0e0504502114" />
      <TestMethod codeBase="C:\Users\baidakov\rca-plugin\tests\Rca.UI.Tests\bin\Debug\net8.0-windows\Rca.UI.Tests.dll" adapterTypeName="executor://nunit3testexecutor/" className="Rca.UI.Tests.RcaDockablePanelViewModelTests" name="ExecutePythonCommand_WithInput_CallsServiceAndClearsInput" />
    </UnitTest>
  </TestDefinitions>
  <TestEntries>
    <TestEntry testId="0e9d5f6d-5d16-f2dc-e9f6-919b906b185a" executionId="dbe9d95e-9ae3-42ce-823d-0e0504502114" testListId="8c84fa94-04c1-424b-9868-57a2d4851a1d" />
  </TestEntries>
  <TestLists>
    <TestList name="Results Not in a List" id="8c84fa94-04c1-424b-9868-57a2d4851a1d" />
    <TestList name="All Loaded Results" id="19431567-8539-422a-85d7-44ee4e166bda" />
  </TestLists>
  <ResultSummary outcome="Failed">
    <Counters total="1" executed="1" passed="0" failed="1" error="0" timeout="0" aborted="0" inconclusive="0" passedButRunAborted="0" notRunnable="0" notExecuted="0" disconnected="0" warning="0" completed="0" inProgress="0" pending="0" />
    <Output>
      <StdOut>NUnit Adapter 4.5.0.0: Test execution started&#xD;
Running all tests in C:\Users\baidakov\rca-plugin\tests\Rca.UI.Tests\bin\Debug\net8.0-windows\Rca.UI.Tests.dll&#xD;
   NUnit3TestExecutor discovered 1 of 1 NUnit test cases using Current Discovery mode, Non-Explicit run&#xD;
NUnit Adapter 4.5.0.0: Test execution complete&#xD;
</StdOut>
    </Output>
  </ResultSummary>
</TestRun>