<?xml version="1.0" encoding="utf-8"?>
<TestRun id="3f5fb330-2222-4586-84bb-e824a3cd484b" name="baidakov@ILYABAIDAKO49E4 2025-10-15 12:11:11" runUser="ILYABAIDAKO49E4\baidakov" xmlns="http://microsoft.com/schemas/VisualStudio/TeamTest/2010">
  <Times creation="2025-10-15T12:11:11.9469365+03:00" queuing="2025-10-15T12:11:11.9469367+03:00" start="2025-10-15T12:11:09.3000248+03:00" finish="2025-10-15T12:11:18.7950910+03:00" />
  <TestSettings name="default" id="479056f3-0de0-438f-94b6-605790db3e34">
    <Deployment runDeploymentRoot="baidakov_ILYABAIDAKO49E4_2025-10-15_12_11_11" />
  </TestSettings>
  <Results>
    <UnitTestResult executionId="ae8be940-a61a-44c7-a955-e7fd368472ff" testId="0cc9db33-41bd-7e21-dcc2-776b7d7b9251" testName="ExecuteSync_SimpleCode_ReturnsOutput" computerName="ILYABAIDAKO49E4" duration="00:00:00.0012420" startTime="2025-10-15T12:11:11.2291394+03:00" endTime="2025-10-15T12:11:11.2303818+03:00" testType="13cdc9d9-ddb5-4fa4-a97d-d965ccfc6d4b" outcome="Failed" testListId="8c84fa94-04c1-424b-9868-57a2d4851a1d" relativeResultsDirectory="ae8be940-a61a-44c7-a955-e7fd368472ff">
      <Output>
        <ErrorInfo>
          <Message>System.IO.FileNotFoundException : Could not load file or assembly 'RevitAPIUI, Version=26.1.0.0, Culture=neutral, PublicKeyToken=null'. The system cannot find the file specified.</Message>
          <StackTrace>   at Rca.Integration.Revit.Tests.PythonExecutionServiceIntegrationTests.Setup()&#xD;
   at InvokeStub_PythonExecutionServiceIntegrationTests.Setup(Object, Object, IntPtr*)&#xD;
   at System.Reflection.MethodBaseInvoker.InvokeWithNoArgs(Object obj, BindingFlags invokeAttr)
</StackTrace>
        </ErrorInfo>
      </Output>
    </UnitTestResult>
    <UnitTestResult executionId="f4cfd60e-ca18-4b3a-8dcb-e9078b0e90b0" testId="be57ff77-40f3-769e-70a8-76548bb67376" testName="ExecuteSync_SimpleCode_ReturnsOutput" computerName="ILYABAIDAKO49E4" duration="00:00:00.5281226" startTime="2025-10-15T12:11:14.5260000+03:00" endTime="2025-10-15T12:11:15.0540000+03:00" testType="13cdc9d9-ddb5-4fa4-a97d-d965ccfc6d4b" outcome="Passed" testListId="8c84fa94-04c1-424b-9868-57a2d4851a1d" relativeResultsDirectory="f4cfd60e-ca18-4b3a-8dcb-e9078b0e90b0">
      <Output></Output>
    </UnitTestResult>
    <UnitTestResult executionId="93498402-b898-4223-bbeb-8ff6f879f09d" testId="1f80ab6c-b92c-0432-410d-a2e78d188e09" testName="ExecuteSync_RevitApiCode_AccessesRevitContext" computerName="ILYABAIDAKO49E4" duration="00:00:00.0011240" startTime="2025-10-15T12:11:11.2236714+03:00" endTime="2025-10-15T12:11:11.2247964+03:00" testType="13cdc9d9-ddb5-4fa4-a97d-d965ccfc6d4b" outcome="Failed" testListId="8c84fa94-04c1-424b-9868-57a2d4851a1d" relativeResultsDirectory="93498402-b898-4223-bbeb-8ff6f879f09d">
      <Output>
        <ErrorInfo>
          <Message>System.IO.FileNotFoundException : Could not load file or assembly 'RevitAPIUI, Version=26.1.0.0, Culture=neutral, PublicKeyToken=null'. The system cannot find the file specified.</Message>
          <StackTrace>   at Rca.Integration.Revit.Tests.PythonExecutionServiceIntegrationTests.Setup()&#xD;
   at InvokeStub_PythonExecutionServiceIntegrationTests.Setup(Object, Object, IntPtr*)&#xD;
   at System.Reflection.MethodBaseInvoker.InvokeWithNoArgs(Object obj, BindingFlags invokeAttr)
</StackTrace>
        </ErrorInfo>
      </Output>
    </UnitTestResult>
    <UnitTestResult executionId="bb314af2-8d3d-4beb-91f7-a2dcc2727c5d" testId="036cde58-07b4-047a-4223-a98d4611bb4a" testName="ExecuteAsync_SimpleCode_ReturnsOutput" computerName="ILYABAIDAKO49E4" duration="00:00:03.1911275" startTime="2025-10-15T12:11:15.4350000+03:00" endTime="2025-10-15T12:11:18.6260000+03:00" testType="13cdc9d9-ddb5-4fa4-a97d-d965ccfc6d4b" outcome="Passed" testListId="8c84fa94-04c1-424b-9868-57a2d4851a1d" relativeResultsDirectory="bb314af2-8d3d-4beb-91f7-a2dcc2727c5d">
      <Output></Output>
    </UnitTestResult>
    <UnitTestResult executionId="338d78b2-da28-4a7c-855d-0a35c0bbebc5" testId="b2cd3db9-4ed5-d563-3f45-a05d0de9191d" testName="ExecuteSync_EmptyCode_ReturnsEmpty" computerName="ILYABAIDAKO49E4" duration="00:00:03.0225889" startTime="2025-10-15T12:11:11.5030000+03:00" endTime="2025-10-15T12:11:14.5260000+03:00" testType="13cdc9d9-ddb5-4fa4-a97d-d965ccfc6d4b" outcome="Passed" testListId="8c84fa94-04c1-424b-9868-57a2d4851a1d" relativeResultsDirectory="338d78b2-da28-4a7c-855d-0a35c0bbebc5">
      <Output></Output>
    </UnitTestResult>
    <UnitTestResult executionId="4e7f0cd9-72b4-4774-a2e1-3c193c555e0d" testId="95d6b759-1f67-0a25-f63e-ef04767b9657" testName="RevitVersion_MatchesExpected" computerName="ILYABAIDAKO49E4" duration="00:00:00.0356674" startTime="2025-10-15T12:11:18.6260000+03:00" endTime="2025-10-15T12:11:18.6620000+03:00" testType="13cdc9d9-ddb5-4fa4-a97d-d965ccfc6d4b" outcome="Passed" testListId="8c84fa94-04c1-424b-9868-57a2d4851a1d" relativeResultsDirectory="4e7f0cd9-72b4-4774-a2e1-3c193c555e0d">
      <Output></Output>
    </UnitTestResult>
    <UnitTestResult executionId="00af0eaf-df15-4cdd-bd6d-630bae81b257" testId="d507e83c-ef10-deca-0a15-80d2bd08b930" testName="ExecuteSync_RevitApiCode_AccessesRevitContext" computerName="ILYABAIDAKO49E4" duration="00:00:00.3802217" startTime="2025-10-15T12:11:15.0540000+03:00" endTime="2025-10-15T12:11:15.4350000+03:00" testType="13cdc9d9-ddb5-4fa4-a97d-d965ccfc6d4b" outcome="Passed" testListId="8c84fa94-04c1-424b-9868-57a2d4851a1d" relativeResultsDirectory="00af0eaf-df15-4cdd-bd6d-630bae81b257">
      <Output></Output>
    </UnitTestResult>
    <UnitTestResult executionId="1323f5e6-d314-41af-9b95-0997732dd1a8" testId="2b445e37-b71d-4859-0c6a-54d160c81f21" testName="ExecuteAsync_SimpleCode_ReturnsOutput" computerName="ILYABAIDAKO49E4" duration="00:00:00.0729140" startTime="2025-10-15T12:11:11.1249797+03:00" endTime="2025-10-15T12:11:11.1977716+03:00" testType="13cdc9d9-ddb5-4fa4-a97d-d965ccfc6d4b" outcome="Failed" testListId="8c84fa94-04c1-424b-9868-57a2d4851a1d" relativeResultsDirectory="1323f5e6-d314-41af-9b95-0997732dd1a8">
      <Output>
        <ErrorInfo>
          <Message>System.IO.FileNotFoundException : Could not load file or assembly 'RevitAPIUI, Version=26.1.0.0, Culture=neutral, PublicKeyToken=null'. The system cannot find the file specified.</Message>
          <StackTrace>   at Rca.Integration.Revit.Tests.PythonExecutionServiceIntegrationTests.Setup()&#xD;
   at System.RuntimeMethodHandle.InvokeMethod(Object target, Void** arguments, Signature sig, Boolean isConstructor)&#xD;
   at System.Reflection.MethodBaseInvoker.InvokeWithNoArgs(Object obj, BindingFlags invokeAttr)
</StackTrace>
        </ErrorInfo>
      </Output>
    </UnitTestResult>
    <UnitTestResult executionId="45c90568-444d-411a-b8a7-cdbe4c335b4d" testId="7a24df8e-420f-d304-79e2-6041abb1568b" testName="RevitVersion_MatchesExpected" computerName="ILYABAIDAKO49E4" duration="00:00:00.0015440" startTime="2025-10-15T12:11:11.2401631+03:00" endTime="2025-10-15T12:11:11.2417070+03:00" testType="13cdc9d9-ddb5-4fa4-a97d-d965ccfc6d4b" outcome="Failed" testListId="8c84fa94-04c1-424b-9868-57a2d4851a1d" relativeResultsDirectory="45c90568-444d-411a-b8a7-cdbe4c335b4d">
      <Output>
        <ErrorInfo>
          <Message>System.IO.FileNotFoundException : Could not load file or assembly 'RevitAPI, Version=26.1.0.0, Culture=neutral, PublicKeyToken=null'. The system cannot find the file specified.</Message>
          <StackTrace>   at Rca.Integration.Revit.Tests.RevitEnvironmentTests.RevitVersion_MatchesExpected()&#xD;
   at System.RuntimeMethodHandle.InvokeMethod(Object target, Void** arguments, Signature sig, Boolean isConstructor)&#xD;
   at System.Reflection.MethodBaseInvoker.InvokeWithNoArgs(Object obj, BindingFlags invokeAttr)
</StackTrace>
        </ErrorInfo>
      </Output>
    </UnitTestResult>
    <UnitTestResult executionId="3a127a9a-945f-43d8-8446-e82336809937" testId="d21c5c28-f7c6-201a-6439-676a5d0960f3" testName="ExecuteSync_EmptyCode_ReturnsEmpty" computerName="ILYABAIDAKO49E4" duration="00:00:00.0042600" startTime="2025-10-15T12:11:11.2141425+03:00" endTime="2025-10-15T12:11:11.2184031+03:00" testType="13cdc9d9-ddb5-4fa4-a97d-d965ccfc6d4b" outcome="Failed" testListId="8c84fa94-04c1-424b-9868-57a2d4851a1d" relativeResultsDirectory="3a127a9a-945f-43d8-8446-e82336809937">
      <Output>
        <ErrorInfo>
          <Message>System.IO.FileNotFoundException : Could not load file or assembly 'RevitAPIUI, Version=26.1.0.0, Culture=neutral, PublicKeyToken=null'. The system cannot find the file specified.</Message>
          <StackTrace>   at Rca.Integration.Revit.Tests.PythonExecutionServiceIntegrationTests.Setup()&#xD;
   at InvokeStub_PythonExecutionServiceIntegrationTests.Setup(Object, Object, IntPtr*)&#xD;
   at System.Reflection.MethodBaseInvoker.InvokeWithNoArgs(Object obj, BindingFlags invokeAttr)
</StackTrace>
        </ErrorInfo>
      </Output>
    </UnitTestResult>
  </Results>
  <TestDefinitions>
    <UnitTest name="ExecuteSync_SimpleCode_ReturnsOutput" storage="c:\users\baidakov\rca-plugin\tests\rca.integration.revit.tests\bin\debug\net8.0-windows\rca.integration.revit.tests.dll" id="0cc9db33-41bd-7e21-dcc2-776b7d7b9251">
      <Execution id="ae8be940-a61a-44c7-a955-e7fd368472ff" />
      <TestMethod codeBase="C:\Users\baidakov\rca-plugin\tests\Rca.Integration.Revit.Tests\bin\Debug\net8.0-windows\Rca.Integration.Revit.Tests.dll" adapterTypeName="executor://nunit3testexecutor/" className="Rca.Integration.Revit.Tests.PythonExecutionServiceIntegrationTests" name="ExecuteSync_SimpleCode_ReturnsOutput" />
    </UnitTest>
    <UnitTest name="ExecuteAsync_SimpleCode_ReturnsOutput" storage="c:\users\baidakov\rca-plugin\tests\rca.integration.revit.tests\bin\debug\net8.0-windows\rca.integration.revit.tests.dll" id="036cde58-07b4-047a-4223-a98d4611bb4a">
      <Execution id="bb314af2-8d3d-4beb-91f7-a2dcc2727c5d" />
      <TestMethod codeBase="C:\Users\baidakov\rca-plugin\tests\Rca.Integration.Revit.Tests\bin\Debug\net8.0-windows\Rca.Integration.Revit.Tests.dll" adapterTypeName="executor://rcarevittestexecutor/" className="Rca.Integration.Revit.Tests.PythonExecutionServiceIntegrationTests" name="ExecuteAsync_SimpleCode_ReturnsOutput" />
    </UnitTest>
    <UnitTest name="ExecuteSync_SimpleCode_ReturnsOutput" storage="c:\users\baidakov\rca-plugin\tests\rca.integration.revit.tests\bin\debug\net8.0-windows\rca.integration.revit.tests.dll" id="be57ff77-40f3-769e-70a8-76548bb67376">
      <Execution id="f4cfd60e-ca18-4b3a-8dcb-e9078b0e90b0" />
      <TestMethod codeBase="C:\Users\baidakov\rca-plugin\tests\Rca.Integration.Revit.Tests\bin\Debug\net8.0-windows\Rca.Integration.Revit.Tests.dll" adapterTypeName="executor://rcarevittestexecutor/" className="Rca.Integration.Revit.Tests.PythonExecutionServiceIntegrationTests" name="ExecuteSync_SimpleCode_ReturnsOutput" />
    </UnitTest>
    <UnitTest name="ExecuteSync_RevitApiCode_AccessesRevitContext" storage="c:\users\baidakov\rca-plugin\tests\rca.integration.revit.tests\bin\debug\net8.0-windows\rca.integration.revit.tests.dll" id="d507e83c-ef10-deca-0a15-80d2bd08b930">
      <Execution id="00af0eaf-df15-4cdd-bd6d-630bae81b257" />
      <TestMethod codeBase="C:\Users\baidakov\rca-plugin\tests\Rca.Integration.Revit.Tests\bin\Debug\net8.0-windows\Rca.Integration.Revit.Tests.dll" adapterTypeName="executor://rcarevittestexecutor/" className="Rca.Integration.Revit.Tests.PythonExecutionServiceIntegrationTests" name="ExecuteSync_RevitApiCode_AccessesRevitContext" />
    </UnitTest>
    <UnitTest name="ExecuteSync_EmptyCode_ReturnsEmpty" storage="c:\users\baidakov\rca-plugin\tests\rca.integration.revit.tests\bin\debug\net8.0-windows\rca.integration.revit.tests.dll" id="d21c5c28-f7c6-201a-6439-676a5d0960f3">
      <Execution id="3a127a9a-945f-43d8-8446-e82336809937" />
      <TestMethod codeBase="C:\Users\baidakov\rca-plugin\tests\Rca.Integration.Revit.Tests\bin\Debug\net8.0-windows\Rca.Integration.Revit.Tests.dll" adapterTypeName="executor://nunit3testexecutor/" className="Rca.Integration.Revit.Tests.PythonExecutionServiceIntegrationTests" name="ExecuteSync_EmptyCode_ReturnsEmpty" />
    </UnitTest>
    <UnitTest name="ExecuteAsync_SimpleCode_ReturnsOutput" storage="c:\users\baidakov\rca-plugin\tests\rca.integration.revit.tests\bin\debug\net8.0-windows\rca.integration.revit.tests.dll" id="2b445e37-b71d-4859-0c6a-54d160c81f21">
      <Execution id="1323f5e6-d314-41af-9b95-0997732dd1a8" />
      <TestMethod codeBase="C:\Users\baidakov\rca-plugin\tests\Rca.Integration.Revit.Tests\bin\Debug\net8.0-windows\Rca.Integration.Revit.Tests.dll" adapterTypeName="executor://nunit3testexecutor/" className="Rca.Integration.Revit.Tests.PythonExecutionServiceIntegrationTests" name="ExecuteAsync_SimpleCode_ReturnsOutput" />
    </UnitTest>
    <UnitTest name="ExecuteSync_EmptyCode_ReturnsEmpty" storage="c:\users\baidakov\rca-plugin\tests\rca.integration.revit.tests\bin\debug\net8.0-windows\rca.integration.revit.tests.dll" id="b2cd3db9-4ed5-d563-3f45-a05d0de9191d">
      <Execution id="338d78b2-da28-4a7c-855d-0a35c0bbebc5" />
      <TestMethod codeBase="C:\Users\baidakov\rca-plugin\tests\Rca.Integration.Revit.Tests\bin\Debug\net8.0-windows\Rca.Integration.Revit.Tests.dll" adapterTypeName="executor://rcarevittestexecutor/" className="Rca.Integration.Revit.Tests.PythonExecutionServiceIntegrationTests" name="ExecuteSync_EmptyCode_ReturnsEmpty" />
    </UnitTest>
    <UnitTest name="RevitVersion_MatchesExpected" storage="c:\users\baidakov\rca-plugin\tests\rca.integration.revit.tests\bin\debug\net8.0-windows\rca.integration.revit.tests.dll" id="95d6b759-1f67-0a25-f63e-ef04767b9657">
      <Execution id="4e7f0cd9-72b4-4774-a2e1-3c193c555e0d" />
      <TestMethod codeBase="C:\Users\baidakov\rca-plugin\tests\Rca.Integration.Revit.Tests\bin\Debug\net8.0-windows\Rca.Integration.Revit.Tests.dll" adapterTypeName="executor://rcarevittestexecutor/" className="Rca.Integration.Revit.Tests.RevitEnvironmentTests" name="RevitVersion_MatchesExpected" />
    </UnitTest>
    <UnitTest name="RevitVersion_MatchesExpected" storage="c:\users\baidakov\rca-plugin\tests\rca.integration.revit.tests\bin\debug\net8.0-windows\rca.integration.revit.tests.dll" id="7a24df8e-420f-d304-79e2-6041abb1568b">
      <Execution id="45c90568-444d-411a-b8a7-cdbe4c335b4d" />
      <TestMethod codeBase="C:\Users\baidakov\rca-plugin\tests\Rca.Integration.Revit.Tests\bin\Debug\net8.0-windows\Rca.Integration.Revit.Tests.dll" adapterTypeName="executor://nunit3testexecutor/" className="Rca.Integration.Revit.Tests.RevitEnvironmentTests" name="RevitVersion_MatchesExpected" />
    </UnitTest>
    <UnitTest name="ExecuteSync_RevitApiCode_AccessesRevitContext" storage="c:\users\baidakov\rca-plugin\tests\rca.integration.revit.tests\bin\debug\net8.0-windows\rca.integration.revit.tests.dll" id="1f80ab6c-b92c-0432-410d-a2e78d188e09">
      <Execution id="93498402-b898-4223-bbeb-8ff6f879f09d" />
      <TestMethod codeBase="C:\Users\baidakov\rca-plugin\tests\Rca.Integration.Revit.Tests\bin\Debug\net8.0-windows\Rca.Integration.Revit.Tests.dll" adapterTypeName="executor://nunit3testexecutor/" className="Rca.Integration.Revit.Tests.PythonExecutionServiceIntegrationTests" name="ExecuteSync_RevitApiCode_AccessesRevitContext" />
    </UnitTest>
  </TestDefinitions>
  <TestEntries>
    <TestEntry testId="0cc9db33-41bd-7e21-dcc2-776b7d7b9251" executionId="ae8be940-a61a-44c7-a955-e7fd368472ff" testListId="8c84fa94-04c1-424b-9868-57a2d4851a1d" />
    <TestEntry testId="be57ff77-40f3-769e-70a8-76548bb67376" executionId="f4cfd60e-ca18-4b3a-8dcb-e9078b0e90b0" testListId="8c84fa94-04c1-424b-9868-57a2d4851a1d" />
    <TestEntry testId="1f80ab6c-b92c-0432-410d-a2e78d188e09" executionId="93498402-b898-4223-bbeb-8ff6f879f09d" testListId="8c84fa94-04c1-424b-9868-57a2d4851a1d" />
    <TestEntry testId="036cde58-07b4-047a-4223-a98d4611bb4a" executionId="bb314af2-8d3d-4beb-91f7-a2dcc2727c5d" testListId="8c84fa94-04c1-424b-9868-57a2d4851a1d" />
    <TestEntry testId="b2cd3db9-4ed5-d563-3f45-a05d0de9191d" executionId="338d78b2-da28-4a7c-855d-0a35c0bbebc5" testListId="8c84fa94-04c1-424b-9868-57a2d4851a1d" />
    <TestEntry testId="95d6b759-1f67-0a25-f63e-ef04767b9657" executionId="4e7f0cd9-72b4-4774-a2e1-3c193c555e0d" testListId="8c84fa94-04c1-424b-9868-57a2d4851a1d" />
    <TestEntry testId="d507e83c-ef10-deca-0a15-80d2bd08b930" executionId="00af0eaf-df15-4cdd-bd6d-630bae81b257" testListId="8c84fa94-04c1-424b-9868-57a2d4851a1d" />
    <TestEntry testId="2b445e37-b71d-4859-0c6a-54d160c81f21" executionId="1323f5e6-d314-41af-9b95-0997732dd1a8" testListId="8c84fa94-04c1-424b-9868-57a2d4851a1d" />
    <TestEntry testId="7a24df8e-420f-d304-79e2-6041abb1568b" executionId="45c90568-444d-411a-b8a7-cdbe4c335b4d" testListId="8c84fa94-04c1-424b-9868-57a2d4851a1d" />
    <TestEntry testId="d21c5c28-f7c6-201a-6439-676a5d0960f3" executionId="3a127a9a-945f-43d8-8446-e82336809937" testListId="8c84fa94-04c1-424b-9868-57a2d4851a1d" />
  </TestEntries>
  <TestLists>
    <TestList name="Results Not in a List" id="8c84fa94-04c1-424b-9868-57a2d4851a1d" />
    <TestList name="All Loaded Results" id="19431567-8539-422a-85d7-44ee4e166bda" />
  </TestLists>
  <ResultSummary outcome="Failed">
    <Counters total="10" executed="10" passed="5" failed="5" error="0" timeout="0" aborted="0" inconclusive="0" passedButRunAborted="0" notRunnable="0" notExecuted="0" disconnected="0" warning="0" completed="0" inProgress="0" pending="0" />
    <Output>
      <StdOut>NUnit Adapter 4.5.0.0: Test execution started&#xD;
Running all tests in C:\Users\baidakov\rca-plugin\tests\Rca.Integration.Revit.Tests\bin\Debug\net8.0-windows\Rca.Integration.Revit.Tests.dll&#xD;
   NUnit3TestExecutor discovered 5 of 5 NUnit test cases using Current Discovery mode, Non-Explicit run&#xD;
NUnit Adapter 4.5.0.0: Test execution complete&#xD;
RCA Test Adapter: Starting test execution&#xD;
DEBUG: Found 1 Revit process(es)&#xD;
DEBUG: Pipe server is responsive, ready for test execution.&#xD;
RCA Test Adapter: Executing 5 tests from C:\Users\baidakov\rca-plugin\tests\Rca.Integration.Revit.Tests\bin\Debug\net8.0-windows\Rca.Integration.Revit.Tests.dll&#xD;
DEBUG: ExecuteTests starting for 5 tests in C:\Users\baidakov\rca-plugin\tests\Rca.Integration.Revit.Tests\bin\Debug\net8.0-windows\Rca.Integration.Revit.Tests.dll&#xD;
DEBUG: Creating fresh pipe connection for test execution&#xD;
DEBUG: Connecting to pipe with timeout 120000ms&#xD;
DEBUG: Connected to pipe, IsConnected=True&#xD;
DEBUG: Sending RUN_TESTS command (payload length: 1050)&#xD;
DEBUG: Reading test execution response&#xD;
DEBUG: Received test execution response (length: 2463)&#xD;
DEBUG: Deserialized 5 test results&#xD;
RCA Test Adapter: Test execution completed&#xD;
</StdOut>
    </Output>
  </ResultSummary>
</TestRun>