<?xml version="1.0" encoding="utf-8"?>
<TestRun id="55a2e8e9-4ee2-4e6f-b45f-0fd58d43fc79" name="baidakov@ILYABAIDAKO49E4 2025-10-15 12:11:11" runUser="ILYABAIDAKO49E4\baidakov" xmlns="http://microsoft.com/schemas/VisualStudio/TeamTest/2010">
  <Times creation="2025-10-15T12:11:11.5934203+03:00" queuing="2025-10-15T12:11:11.5934205+03:00" start="2025-10-15T12:11:09.4192027+03:00" finish="2025-10-15T12:11:11.5966417+03:00" />
  <TestSettings name="default" id="85f6a982-8f4f-4e2e-957a-aed23b6ee927">
    <Deployment runDeploymentRoot="baidakov_ILYABAIDAKO49E4_2025-10-15_12_11_11" />
  </TestSettings>
  <Results>
    <UnitTestResult executionId="76d747f1-f00e-4960-9bc2-7ca87d978a9e" testId="d70ec1a4-9e24-1f28-7307-eac4cf9b521e" testName="IsReady_Always_True" computerName="ILYABAIDAKO49E4" duration="00:00:00.1366740" startTime="2025-10-15T12:11:11.1867041+03:00" endTime="2025-10-15T12:11:11.3232934+03:00" testType="13cdc9d9-ddb5-4fa4-a97d-d965ccfc6d4b" outcome="Passed" testListId="8c84fa94-04c1-424b-9868-57a2d4851a1d" relativeResultsDirectory="76d747f1-f00e-4960-9bc2-7ca87d978a9e" />
  </Results>
  <TestDefinitions>
    <UnitTest name="IsReady_Always_True" storage="c:\users\baidakov\rca-plugin\tests\rca.network.tests\bin\debug\net8.0-windows\rca.network.tests.dll" id="d70ec1a4-9e24-1f28-7307-eac4cf9b521e">
      <Execution id="76d747f1-f00e-4960-9bc2-7ca87d978a9e" />
      <TestMethod codeBase="C:\Users\baidakov\rca-plugin\tests\Rca.Network.Tests\bin\Debug\net8.0-windows\Rca.Network.Tests.dll" adapterTypeName="executor://nunit3testexecutor/" className="Rca.Network.Tests.NetworkPlaceholderTests" name="IsReady_Always_True" />
    </UnitTest>
  </TestDefinitions>
  <TestEntries>
    <TestEntry testId="d70ec1a4-9e24-1f28-7307-eac4cf9b521e" executionId="76d747f1-f00e-4960-9bc2-7ca87d978a9e" testListId="8c84fa94-04c1-424b-9868-57a2d4851a1d" />
  </TestEntries>
  <TestLists>
    <TestList name="Results Not in a List" id="8c84fa94-04c1-424b-9868-57a2d4851a1d" />
    <TestList name="All Loaded Results" id="19431567-8539-422a-85d7-44ee4e166bda" />
  </TestLists>
  <ResultSummary outcome="Completed">
    <Counters total="1" executed="1" passed="1" failed="0" error="0" timeout="0" aborted="0" inconclusive="0" passedButRunAborted="0" notRunnable="0" notExecuted="0" disconnected="0" warning="0" completed="0" inProgress="0" pending="0" />
    <Output>
      <StdOut>NUnit Adapter 4.5.0.0: Test execution started&#xD;
Running all tests in C:\Users\baidakov\rca-plugin\tests\Rca.Network.Tests\bin\Debug\net8.0-windows\Rca.Network.Tests.dll&#xD;
   NUnit3TestExecutor discovered 1 of 1 NUnit test cases using Current Discovery mode, Non-Explicit run&#xD;
NUnit Adapter 4.5.0.0: Test execution complete&#xD;
</StdOut>
    </Output>
  </ResultSummary>
</TestRun>